  EntryPoint.cpp
LINK : warning LNK4098: defaultlib 'LIBCMT' conflicts with use of other libs; use /NODEFAULTLIB:library
LINK : warning LNK4098: defaultlib 'MSVCRT' conflicts with use of other libs; use /NODEFAULTLIB:library
LINK : warning LNK4217: symbol '___glewDeleteProgram' defined in 'glew32s.lib(glew.obj)' is imported by 'Drawing.obj' in function '"public: __thiscall Coastal::Shader::~Shader(void)" (??1Shader@Coastal@@QAE@XZ)'
LINK : warning LNK4217: symbol '___glewUseProgram' defined in 'glew32s.lib(glew.obj)' is imported by 'Drawing.obj' in function '"public: void __thiscall Coastal::Shader::Bind(void)const " (?Bind@Shader@Coastal@@QBEXXZ)'
LINK : warning LNK4286: symbol '___glewUseProgram' defined in 'glew32s.lib(glew.obj)' is imported by 'Renderer.obj'
LINK : warning LNK4217: symbol '___glewBindVertexArray' defined in 'glew32s.lib(glew.obj)' is imported by 'Drawing.obj' in function '"public: void __thiscall Coastal::VertexArray::Bind(void)const " (?Bind@VertexArray@Coastal@@QBEXXZ)'
LINK : warning LNK4286: symbol '___glewBindVertexArray' defined in 'glew32s.lib(glew.obj)' is imported by 'Renderer.obj'
LINK : warning LNK4286: symbol '___glewBindVertexArray' defined in 'glew32s.lib(glew.obj)' is imported by 'VertexArray.obj'
LINK : warning LNK4217: symbol '___glewBindBuffer' defined in 'glew32s.lib(glew.obj)' is imported by 'IndexBuffer.obj' in function '"public: __thiscall Coastal::IndexBuffer::IndexBuffer(unsigned int *,unsigned int,unsigned int)" (??0IndexBuffer@Coastal@@QAE@PAIII@Z)'
LINK : warning LNK4286: symbol '___glewBindBuffer' defined in 'glew32s.lib(glew.obj)' is imported by 'VertexArray.obj'
LINK : warning LNK4217: symbol '___glewBindBuffer' defined in 'glew32s.lib(glew.obj)' is imported by 'VertexBuffer.obj' in function '"public: __thiscall Coastal::VertexBuffer::VertexBuffer(void const *,unsigned int,unsigned int)" (??0VertexBuffer@Coastal@@QAE@PBXII@Z)'
LINK : warning LNK4217: symbol '___glewBufferData' defined in 'glew32s.lib(glew.obj)' is imported by 'IndexBuffer.obj' in function '"public: __thiscall Coastal::IndexBuffer::IndexBuffer(unsigned int *,unsigned int,unsigned int)" (??0IndexBuffer@Coastal@@QAE@PAIII@Z)'
LINK : warning LNK4217: symbol '___glewBufferData' defined in 'glew32s.lib(glew.obj)' is imported by 'VertexBuffer.obj' in function '"public: __thiscall Coastal::VertexBuffer::VertexBuffer(void const *,unsigned int,unsigned int)" (??0VertexBuffer@Coastal@@QAE@PBXII@Z)'
LINK : warning LNK4217: symbol '___glewGenBuffers' defined in 'glew32s.lib(glew.obj)' is imported by 'IndexBuffer.obj' in function '"public: __thiscall Coastal::IndexBuffer::IndexBuffer(unsigned int *,unsigned int,unsigned int)" (??0IndexBuffer@Coastal@@QAE@PAIII@Z)'
LINK : warning LNK4217: symbol '___glewGenBuffers' defined in 'glew32s.lib(glew.obj)' is imported by 'VertexBuffer.obj' in function '"public: __thiscall Coastal::VertexBuffer::VertexBuffer(void const *,unsigned int,unsigned int)" (??0VertexBuffer@Coastal@@QAE@PBXII@Z)'
LINK : warning LNK4217: symbol '___glewDeleteBuffers' defined in 'glew32s.lib(glew.obj)' is imported by 'OpenGLObjectManager.obj' in function '"public: __thiscall Coastal::OpenGLObjectManager::~OpenGLObjectManager(void)" (??1OpenGLObjectManager@Coastal@@QAE@XZ)'
LINK : warning LNK4217: symbol '___glewDeleteVertexArrays' defined in 'glew32s.lib(glew.obj)' is imported by 'OpenGLObjectManager.obj' in function '"public: __thiscall Coastal::OpenGLObjectManager::~OpenGLObjectManager(void)" (??1OpenGLObjectManager@Coastal@@QAE@XZ)'
LINK : warning LNK4217: symbol '___glewAttachShader' defined in 'glew32s.lib(glew.obj)' is imported by 'Shader.obj' in function '"unsigned int __cdecl Coastal::__CreateShader(class std::basic_string<char,struct std::char_traits<char>,class std::allocator<char> > const &,class std::basic_string<char,struct std::char_traits<char>,class std::allocator<char> > const &)" (?__CreateShader@Coastal@@YAIABV?$basic_string@DU?$char_traits@D@std@@V?$allocator@D@2@@std@@0@Z)'
LINK : warning LNK4217: symbol '___glewCompileShader' defined in 'glew32s.lib(glew.obj)' is imported by 'Shader.obj' in function '"unsigned int __cdecl Coastal::__CompileShader(unsigned int,class std::basic_string<char,struct std::char_traits<char>,class std::allocator<char> > const &)" (?__CompileShader@Coastal@@YAIIABV?$basic_string@DU?$char_traits@D@std@@V?$allocator@D@2@@std@@@Z)'
LINK : warning LNK4217: symbol '___glewCreateProgram' defined in 'glew32s.lib(glew.obj)' is imported by 'Shader.obj' in function '"unsigned int __cdecl Coastal::__CreateShader(class std::basic_string<char,struct std::char_traits<char>,class std::allocator<char> > const &,class std::basic_string<char,struct std::char_traits<char>,class std::allocator<char> > const &)" (?__CreateShader@Coastal@@YAIABV?$basic_string@DU?$char_traits@D@std@@V?$allocator@D@2@@std@@0@Z)'
LINK : warning LNK4217: symbol '___glewCreateShader' defined in 'glew32s.lib(glew.obj)' is imported by 'Shader.obj' in function '"unsigned int __cdecl Coastal::__CompileShader(unsigned int,class std::basic_string<char,struct std::char_traits<char>,class std::allocator<char> > const &)" (?__CompileShader@Coastal@@YAIIABV?$basic_string@DU?$char_traits@D@std@@V?$allocator@D@2@@std@@@Z)'
LINK : warning LNK4217: symbol '___glewDeleteShader' defined in 'glew32s.lib(glew.obj)' is imported by 'Shader.obj' in function '"unsigned int __cdecl Coastal::__CompileShader(unsigned int,class std::basic_string<char,struct std::char_traits<char>,class std::allocator<char> > const &)" (?__CompileShader@Coastal@@YAIIABV?$basic_string@DU?$char_traits@D@std@@V?$allocator@D@2@@std@@@Z)'
LINK : warning LNK4217: symbol '___glewGetShaderInfoLog' defined in 'glew32s.lib(glew.obj)' is imported by 'Shader.obj' in function '"unsigned int __cdecl Coastal::__CompileShader(unsigned int,class std::basic_string<char,struct std::char_traits<char>,class std::allocator<char> > const &)" (?__CompileShader@Coastal@@YAIIABV?$basic_string@DU?$char_traits@D@std@@V?$allocator@D@2@@std@@@Z)'
LINK : warning LNK4217: symbol '___glewGetShaderiv' defined in 'glew32s.lib(glew.obj)' is imported by 'Shader.obj' in function '"unsigned int __cdecl Coastal::__CompileShader(unsigned int,class std::basic_string<char,struct std::char_traits<char>,class std::allocator<char> > const &)" (?__CompileShader@Coastal@@YAIIABV?$basic_string@DU?$char_traits@D@std@@V?$allocator@D@2@@std@@@Z)'
LINK : warning LNK4217: symbol '___glewGetUniformLocation' defined in 'glew32s.lib(glew.obj)' is imported by 'Shader.obj' in function '"public: void __thiscall Coastal::Shader::SetUniform4f(class std::basic_string<char,struct std::char_traits<char>,class std::allocator<char> > const &,class Coastal::Rgba const &)" (?SetUniform4f@Shader@Coastal@@QAEXABV?$basic_string@DU?$char_traits@D@std@@V?$allocator@D@2@@std@@ABVRgba@2@@Z)'
LINK : warning LNK4217: symbol '___glewLinkProgram' defined in 'glew32s.lib(glew.obj)' is imported by 'Shader.obj' in function '"unsigned int __cdecl Coastal::__CreateShader(class std::basic_string<char,struct std::char_traits<char>,class std::allocator<char> > const &,class std::basic_string<char,struct std::char_traits<char>,class std::allocator<char> > const &)" (?__CreateShader@Coastal@@YAIABV?$basic_string@DU?$char_traits@D@std@@V?$allocator@D@2@@std@@0@Z)'
LINK : warning LNK4217: symbol '___glewShaderSource' defined in 'glew32s.lib(glew.obj)' is imported by 'Shader.obj' in function '"unsigned int __cdecl Coastal::__CompileShader(unsigned int,class std::basic_string<char,struct std::char_traits<char>,class std::allocator<char> > const &)" (?__CompileShader@Coastal@@YAIIABV?$basic_string@DU?$char_traits@D@std@@V?$allocator@D@2@@std@@@Z)'
LINK : warning LNK4217: symbol '___glewUniform4f' defined in 'glew32s.lib(glew.obj)' is imported by 'Shader.obj' in function '"public: void __thiscall Coastal::Shader::SetUniform4f(class std::basic_string<char,struct std::char_traits<char>,class std::allocator<char> > const &,class Coastal::Rgba const &)" (?SetUniform4f@Shader@Coastal@@QAEXABV?$basic_string@DU?$char_traits@D@std@@V?$allocator@D@2@@std@@ABVRgba@2@@Z)'
LINK : warning LNK4217: symbol '___glewValidateProgram' defined in 'glew32s.lib(glew.obj)' is imported by 'Shader.obj' in function '"unsigned int __cdecl Coastal::__CreateShader(class std::basic_string<char,struct std::char_traits<char>,class std::allocator<char> > const &,class std::basic_string<char,struct std::char_traits<char>,class std::allocator<char> > const &)" (?__CreateShader@Coastal@@YAIABV?$basic_string@DU?$char_traits@D@std@@V?$allocator@D@2@@std@@0@Z)'
LINK : warning LNK4217: symbol '___glewEnableVertexAttribArray' defined in 'glew32s.lib(glew.obj)' is imported by 'VertexArray.obj' in function '"public: void __thiscall Coastal::VertexArray::AddBuffer(class Coastal::VertexBuffer const &,class Coastal::VertexBufferLayout const &)" (?AddBuffer@VertexArray@Coastal@@QAEXABVVertexBuffer@2@ABVVertexBufferLayout@2@@Z)'
LINK : warning LNK4217: symbol '___glewVertexAttribPointer' defined in 'glew32s.lib(glew.obj)' is imported by 'VertexArray.obj' in function '"public: void __thiscall Coastal::VertexArray::AddBuffer(class Coastal::VertexBuffer const &,class Coastal::VertexBufferLayout const &)" (?AddBuffer@VertexArray@Coastal@@QAEXABVVertexBuffer@2@ABVVertexBufferLayout@2@@Z)'
LINK : warning LNK4217: symbol '___glewGenVertexArrays' defined in 'glew32s.lib(glew.obj)' is imported by 'VertexArray.obj' in function '"public: __thiscall Coastal::VertexArray::VertexArray(void)" (??0VertexArray@Coastal@@QAE@XZ)'
glew32s.lib(glew.obj) : warning LNK4099: PDB '' was not found with 'glew32s.lib(glew.obj)' or at ''; linking object as if no debug info
  Coastal.vcxproj -> C:\Users\Devesh\Programs\C++\Coastal\Coastal\Debug\Coastal.exe
